<?xml version="1.0" encoding="UTF-8"?>
<testsuite name="com.cg.hashtables.HashTableTest" tests="2" skipped="0" failures="0" errors="0" timestamp="2020-10-25T19:29:26" hostname="LAPTOP-M4C7MB0K" time="0.014">
  <properties/>
  <testcase name="given_a_String_whenPasses_returnsFreq" classname="com.cg.hashtables.HashTableTest" time="0.007"/>
  <testcase name="stringParsed_ReturnsFrequency" classname="com.cg.hashtables.HashTableTest" time="0.006"/>
  <system-out><![CDATA[]]></system-out>
  <system-err><![CDATA[]]></system-err>
</testsuite>
