<?xml version="1.0" encoding="UTF-8"?>
<testsuite name="com.cg.hashtables.HashTableTest" tests="1" skipped="0" failures="0" errors="0" timestamp="2020-10-25T18:55:51" hostname="LAPTOP-M4C7MB0K" time="0.008">
  <properties/>
  <testcase name="stringParsed_ReturnsFrequency" classname="com.cg.hashtables.HashTableTest" time="0.008"/>
  <system-out><![CDATA[]]></system-out>
  <system-err><![CDATA[]]></system-err>
</testsuite>
